TN:
SF:src\Models\Jogo.ts
FN:8,Jogo
FN:14,setNome
FN:18,getNome
FN:21,getId
FN:24,setId
FN:27,getDesc
FN:30,setDesc
FNF:7
FNH:3
FNDA:8,Jogo
FNDA:0,setNome
FNDA:2,getNome
FNDA:10,getId
FNDA:0,setId
FNDA:0,getDesc
FNDA:0,setDesc
DA:1,1
DA:2,1
DA:3,1
DA:4,1
DA:5,1
DA:6,1
DA:7,1
DA:8,1
DA:9,8
DA:10,8
DA:11,8
DA:12,8
DA:13,1
DA:14,1
DA:15,0
DA:16,0
DA:17,1
DA:18,1
DA:19,2
DA:20,2
DA:21,1
DA:22,10
DA:23,10
DA:24,1
DA:25,0
DA:26,0
DA:27,1
DA:28,0
DA:29,0
DA:30,1
DA:31,0
DA:32,0
DA:33,1
LF:33
LH:25
BRDA:8,0,0,8
BRDA:18,1,0,2
BRDA:21,2,0,10
BRF:3
BRH:3
end_of_record
TN:
SF:src\controllers\JogoCtrl.ts
FN:11,JogoCtrl
FN:21,listar
FN:30,listarAlfabetica
FN:38,removerjogo
FN:47,ordemalfabetica
FN:57,ordemCriacao
FN:67,AremoverJogo
FNF:7
FNH:4
FNDA:4,JogoCtrl
FNDA:0,listar
FNDA:0,listarAlfabetica
FNDA:0,removerjogo
FNDA:1,ordemalfabetica
FNDA:1,ordemCriacao
FNDA:2,AremoverJogo
DA:1,1
DA:2,1
DA:3,1
DA:4,1
DA:5,1
DA:6,1
DA:7,1
DA:8,1
DA:9,1
DA:10,1
DA:11,1
DA:12,4
DA:13,4
DA:14,4
DA:15,4
DA:16,4
DA:17,4
DA:18,4
DA:19,1
DA:20,1
DA:21,1
DA:22,0
DA:23,0
DA:24,0
DA:25,0
DA:26,0
DA:27,0
DA:28,0
DA:29,1
DA:30,1
DA:31,0
DA:32,0
DA:33,0
DA:34,0
DA:35,0
DA:36,0
DA:37,0
DA:38,1
DA:39,0
DA:40,0
DA:41,0
DA:42,0
DA:43,0
DA:44,0
DA:45,0
DA:46,1
DA:47,1
DA:48,1
DA:49,1
DA:50,1
DA:51,1
DA:52,2
DA:53,2
DA:54,1
DA:55,1
DA:56,1
DA:57,1
DA:58,1
DA:59,1
DA:60,1
DA:61,1
DA:62,2
DA:63,2
DA:64,1
DA:65,1
DA:66,1
DA:67,1
DA:68,2
DA:69,4
DA:70,1
DA:71,1
DA:72,1
DA:73,4
DA:74,1
DA:75,1
DA:76,1
DA:77,1
DA:78,1
LF:78
LH:57
BRDA:11,0,0,4
BRDA:47,1,0,1
BRDA:51,2,0,2
BRDA:49,3,0,1
BRDA:57,4,0,1
BRDA:61,5,0,2
BRDA:59,6,0,1
BRDA:67,7,0,2
BRDA:68,8,0,4
BRDA:69,9,0,1
BRDA:74,10,0,1
BRF:11
BRH:11
end_of_record
